<?xml version="1.0" encoding="UTF-8"?>
<testng-results ignored="0" total="1" passed="1" failed="0" skipped="0">
  <reporter-output>
  </reporter-output>
  <suite started-at="2025-04-27T11:02:24 IST" name="Default suite" finished-at="2025-04-27T11:02:38 IST" duration-ms="13702">
    <groups>
    </groups>
    <test started-at="2025-04-27T11:02:24 IST" name="Default test" finished-at="2025-04-27T11:02:38 IST" duration-ms="13702">
      <class name="Eclipse_To_Git.Eclipse_To_Git">
        <test-method signature="login()[pri:0, instance:Eclipse_To_Git.Eclipse_To_Git@368f2016]" started-at="2025-04-27T11:02:24 IST" name="login" finished-at="2025-04-27T11:02:38 IST" duration-ms="13654" status="PASS">
          <reporter-output>
          </reporter-output>
        </test-method> <!-- login -->
      </class> <!-- Eclipse_To_Git.Eclipse_To_Git -->
    </test> <!-- Default test -->
  </suite> <!-- Default suite -->
</testng-results>
